c:\users\jounghyeonpark\documents\jounghyeonpark\gachon university\1학년 겨울계절\c++\atm_final\release\atm_final.ipdb
c:\users\jounghyeonpark\documents\jounghyeonpark\gachon university\1학년 겨울계절\c++\atm_final\release\atm_final.iobj
c:\users\jounghyeonpark\documents\jounghyeonpark\gachon university\1학년 겨울계절\c++\atm_final\atm_final\release\vc142.pdb
c:\users\jounghyeonpark\documents\jounghyeonpark\gachon university\1학년 겨울계절\c++\atm_final\atm_final\release\main.obj
c:\users\jounghyeonpark\documents\jounghyeonpark\gachon university\1학년 겨울계절\c++\atm_final\atm_final\release\crecord.obj
c:\users\jounghyeonpark\documents\jounghyeonpark\gachon university\1학년 겨울계절\c++\atm_final\atm_final\release\cdbmanager.obj
c:\users\jounghyeonpark\documents\jounghyeonpark\gachon university\1학년 겨울계절\c++\atm_final\atm_final\release\cappatm_service.obj
c:\users\jounghyeonpark\documents\jounghyeonpark\gachon university\1학년 겨울계절\c++\atm_final\atm_final\release\capp.obj
c:\users\jounghyeonpark\documents\jounghyeonpark\gachon university\1학년 겨울계절\c++\atm_final\atm_final\release\cappatm_frontpage.obj
c:\users\jounghyeonpark\documents\jounghyeonpark\gachon university\1학년 겨울계절\c++\atm_final\atm_final\release\cappadmin.obj
c:\users\jounghyeonpark\documents\jounghyeonpark\gachon university\1학년 겨울계절\c++\atm_final\atm_final\release\caccount.obj
c:\users\jounghyeonpark\documents\jounghyeonpark\gachon university\1학년 겨울계절\c++\atm_final\release\atm_final.exe
c:\users\jounghyeonpark\documents\jounghyeonpark\gachon university\1학년 겨울계절\c++\atm_final\release\atm_final.pdb
c:\users\jounghyeonpark\documents\jounghyeonpark\gachon university\1학년 겨울계절\c++\atm_final\atm_final\release\atm_final.tlog\atm_final.write.1u.tlog
c:\users\jounghyeonpark\documents\jounghyeonpark\gachon university\1학년 겨울계절\c++\atm_final\atm_final\release\atm_final.tlog\cl.command.1.tlog
c:\users\jounghyeonpark\documents\jounghyeonpark\gachon university\1학년 겨울계절\c++\atm_final\atm_final\release\atm_final.tlog\cl.read.1.tlog
c:\users\jounghyeonpark\documents\jounghyeonpark\gachon university\1학년 겨울계절\c++\atm_final\atm_final\release\atm_final.tlog\cl.write.1.tlog
c:\users\jounghyeonpark\documents\jounghyeonpark\gachon university\1학년 겨울계절\c++\atm_final\atm_final\release\atm_final.tlog\link.command.1.tlog
c:\users\jounghyeonpark\documents\jounghyeonpark\gachon university\1학년 겨울계절\c++\atm_final\atm_final\release\atm_final.tlog\link.read.1.tlog
c:\users\jounghyeonpark\documents\jounghyeonpark\gachon university\1학년 겨울계절\c++\atm_final\atm_final\release\atm_final.tlog\link.write.1.tlog
